name: train
run_id: commands[0]
env COMSPEC: C:\WINDOWS\system32\cmd.exe
env NUMBER_OF_PROCESSORS: 8
env PATHEXT: .COM;.EXE;.BAT;.CMD;.VBS;.VBE;.JS;.JSE;.WSF;.WSH;.MSC;.CPL
env PROCESSOR_ARCHITECTURE: AMD64
env PROGRAMDATA: C:\ProgramData
env PROGRAMFILES: C:\Program Files
env PROGRAMFILES(X86): C:\Program Files (x86)
env SYSTEMDRIVE: C:
env SYSTEMROOT: C:\WINDOWS
env TEMP: C:\Users\SYED NAZIAA\AppData\Local\Temp
env TMP: C:\Users\SYED NAZIAA\AppData\Local\Temp
env USERPROFILE: C:\Users\SYED NAZIAA
env LANG: en_US.UTF-8
env PATH: C:\Users\SYED NAZIAA\Downloads\MLOpsJI-main\assignment_2\.tox\test_package\Scripts;C:\Program Files (x86)\Common Files\Oracle\Java\javapath;C:\WINDOWS\system32;C:\WINDOWS;C:\WINDOWS\System32\Wbem;C:\WINDOWS\System32\WindowsPowerShell\v1.0\;C:\WINDOWS\System32\OpenSSH\;C:\spark-3.3.0-bin-hadoop3\bin;C:\Program Files\Docker\Docker\resources\bin;C:\ProgramData\DockerDesktop\version-bin;C:\Program Files\dotnet\;C:\Program Files\Git\cmd;C:\Users\SYED NAZIAA\AppData\Local\Programs\Python\Python310\Scripts\;C:\Users\SYED NAZIAA\AppData\Local\Programs\Python\Python310\;C:\Users\SYED NAZIAA\AppData\Local\Programs\Microsoft VS Code\bin;C:\Users\SYED NAZIAA\.dotnet\tools
env PYTHONHASHSEED: 126
env PIP_DISABLE_PIP_VERSION_CHECK: 1
env PYTHONIOENCODING: utf-8
env PYTHONPATH: .
env TOX_ENV_NAME: train
env TOX_WORK_DIR: C:\Users\SYED NAZIAA\Downloads\MLOpsJI-main\assignment_2\.tox
env TOX_ENV_DIR: C:\Users\SYED NAZIAA\Downloads\MLOpsJI-main\assignment_2\.tox\test_package
env VIRTUAL_ENV: C:\Users\SYED NAZIAA\Downloads\MLOpsJI-main\assignment_2\.tox\test_package
env COLUMNS: 165
env LINES: 13
metadata pid: 47052
cwd: C:\Users\SYED NAZIAA\Downloads\MLOpsJI-main\assignment_2
allow: C:\Users\SYED NAZIAA\Downloads\MLOpsJI-main\assignment_2\.tox\test_package\Scripts\*
cmd: python classification_model/train_pipeline.py
exit_code: 0
